<?xml version="1.0" encoding="UTF-8" ?>
<testsuite errors="1" failures="0" hostname="DIN51002598" name="junit.TestCalculator" skipped="0" tests="1" time="0.0" timestamp="2017-07-21T08:21:10">
  <properties>
[...]
</properties>
  <error message="junit.TestCalculator" type="java.lang.ClassNotFoundException">java.lang.ClassNotFoundException: junit.TestCalculator
	at java.lang.ClassLoader.loadClass(ClassLoader.java:357)
	at java.lang.Class.forName0(Native Method)
	at java.lang.Class.forName(Class.java:348)
</error>
  <system-out><![CDATA[]]></system-out>
  <system-err><![CDATA[]]></system-err>
</testsuite>
